<?xml version="1.0" encoding="UTF-8"?>
<!-- Generated by org.testng.reporters.JUnitReportReporter -->
<testsuite hostname="DESKTOP-JAFKJEH" failures="0" tests="3" name="testcases.LoginTest" time="0.039" errors="0" timestamp="2024-01-30T11:45:38 IST" skipped="0">
  <testcase classname="testcases.LoginTest" name="Test2" time="0.009"/>
  <testcase classname="testcases.LoginTest" name="Test1" time="0.022"/>
  <testcase classname="testcases.LoginTest" name="Test3" time="0.008"/>
</testsuite> <!-- testcases.LoginTest -->
