<?xml version="1.0" encoding="UTF-8"?>
<!-- Generated by org.testng.reporters.JUnitReportReporter -->
<testsuite hostname="DESKTOP-JAFKJEH" failures="0" tests="2" name="testcases.RegisterTest" time="0.014" errors="0" timestamp="2024-01-30T11:45:38 IST" skipped="0">
  <testcase classname="testcases.RegisterTest" name="test7" time="0.010"/>
  <testcase classname="testcases.RegisterTest" name="test6" time="0.004"/>
</testsuite> <!-- testcases.RegisterTest -->
