<?xml version="1.0" encoding="UTF-8"?>
<!-- Generated by org.testng.reporters.JUnitReportReporter -->
<testsuite hostname="DESKTOP-JAFKJEH" failures="0" tests="2" name="testcases.SearchTest" time="0.013" errors="0" timestamp="2024-01-30T11:45:38 IST" skipped="0">
  <testcase classname="testcases.SearchTest" name="test4" time="0.004"/>
  <testcase classname="testcases.SearchTest" name="test5" time="0.009"/>
</testsuite> <!-- testcases.SearchTest -->
